Replace Part C1 Cap in F:\OneDrive\论文\我的论文\电路图\ad6\voice\Documents\VOICE.Sch with Cap from Miscellaneous Devices.IntLib
Replace Part C2 Cap in F:\OneDrive\论文\我的论文\电路图\ad6\voice\Documents\VOICE.Sch with Cap from Miscellaneous Devices.IntLib
Replace Part LS1 Speaker in F:\OneDrive\论文\我的论文\电路图\ad6\voice\Documents\VOICE.Sch with Speaker from Miscellaneous Devices.IntLib
Replace Part R1 Res2 in F:\OneDrive\论文\我的论文\电路图\ad6\voice\Documents\VOICE.Sch with Res2 from Miscellaneous Devices.IntLib
Replace Part R2 Res2 in F:\OneDrive\论文\我的论文\电路图\ad6\voice\Documents\VOICE.Sch with Res2 from Miscellaneous Devices.IntLib
Replace Part R3 Res2 in F:\OneDrive\论文\我的论文\电路图\ad6\voice\Documents\VOICE.Sch with Res2 from Miscellaneous Devices.IntLib
Replace Part R4 Res2 in F:\OneDrive\论文\我的论文\电路图\ad6\voice\Documents\VOICE.Sch with Res2 from Miscellaneous Devices.IntLib
Replace Part R5 Res2 in F:\OneDrive\论文\我的论文\电路图\ad6\voice\Documents\VOICE.Sch with Res2 from Miscellaneous Devices.IntLib
Replace Part R6 Res2 in F:\OneDrive\论文\我的论文\电路图\ad6\voice\Documents\VOICE.Sch with Res2 from Miscellaneous Devices.IntLib
Replace Part R7 Res2 in F:\OneDrive\论文\我的论文\电路图\ad6\voice\Documents\VOICE.Sch with Res2 from Miscellaneous Devices.IntLib
Replace Part R8 Res2 in F:\OneDrive\论文\我的论文\电路图\ad6\voice\Documents\VOICE.Sch with Res2 from Miscellaneous Devices.IntLib
Replace Part R9 Res2 in F:\OneDrive\论文\我的论文\电路图\ad6\voice\Documents\VOICE.Sch with Res2 from Miscellaneous Devices.IntLib
Replace Part R10 Res2 in F:\OneDrive\论文\我的论文\电路图\ad6\voice\Documents\VOICE.Sch with Res2 from Miscellaneous Devices.IntLib
Replace Part S1 SW-PB in F:\OneDrive\论文\我的论文\电路图\ad6\voice\Documents\VOICE.Sch with SW-PB from Miscellaneous Devices.IntLib
Replace Part S2 SW-PB in F:\OneDrive\论文\我的论文\电路图\ad6\voice\Documents\VOICE.Sch with SW-PB from Miscellaneous Devices.IntLib
Replace Part S3 SW-PB in F:\OneDrive\论文\我的论文\电路图\ad6\voice\Documents\VOICE.Sch with SW-PB from Miscellaneous Devices.IntLib
Replace Part S4 SW-PB in F:\OneDrive\论文\我的论文\电路图\ad6\voice\Documents\VOICE.Sch with SW-PB from Miscellaneous Devices.IntLib
Replace Part S5 SW-PB in F:\OneDrive\论文\我的论文\电路图\ad6\voice\Documents\VOICE.Sch with SW-PB from Miscellaneous Devices.IntLib
Replace Part S6 SW-PB in F:\OneDrive\论文\我的论文\电路图\ad6\voice\Documents\VOICE.Sch with SW-PB from Miscellaneous Devices.IntLib
Replace Part S7 SW-PB in F:\OneDrive\论文\我的论文\电路图\ad6\voice\Documents\VOICE.Sch with SW-PB from Miscellaneous Devices.IntLib
Replace Part S8 SW-PB in F:\OneDrive\论文\我的论文\电路图\ad6\voice\Documents\VOICE.Sch with SW-PB from Miscellaneous Devices.IntLib
Replace Part U1 ATMEGA8PU in F:\OneDrive\论文\我的论文\电路图\ad6\voice\Documents\VOICE.Sch with ATMEGA8PU from voice.SCHLIB
Replace Part U2 HSC003 in F:\OneDrive\论文\我的论文\电路图\ad6\voice\Documents\VOICE.Sch with HSC003 from voice.SCHLIB
Replace Part U3 DCPOWER in F:\OneDrive\论文\我的论文\电路图\ad6\voice\Documents\VOICE.Sch with DCPOWER from voice.SCHLIB
